This test requires at least two processes
--------------------------------------------------------------------------
Primary job  terminated normally, but 1 process returned
a non-zero exit code. Per user-direction, the job has been aborted.
--------------------------------------------------------------------------
--------------------------------------------------------------------------
mpirun detected that one or more processes exited with non-zero status, thus causing
the job to be terminated. The first process to do so was:

  Process name: [[50060,1],0]
  Exit code:    1
--------------------------------------------------------------------------
--------------------------------------------------------------------------
Open MPI failed an OFI Libfabric library call (fi_endpoint).  This is highly
unusual; your job may behave unpredictably (and/or abort) after this.

  Local host: thin001
  Location: mtl_ofi_component.c:509
  Error: Invalid argument (22)
--------------------------------------------------------------------------
[thin001.hpc.rd.areasciencepark.it:205872] 1 more process has sent help message help-mtl-ofi.txt / OFI call fail
[thin001.hpc.rd.areasciencepark.it:205872] Set MCA parameter "orte_base_help_aggregate" to 0 to see all help / error messages
--------------------------------------------------------------------------
Open MPI failed an OFI Libfabric library call (fi_endpoint).  This is highly
unusual; your job may behave unpredictably (and/or abort) after this.

  Local host: thin001
  Location: mtl_ofi_component.c:509
  Error: Invalid argument (22)
--------------------------------------------------------------------------
[thin001.hpc.rd.areasciencepark.it:205894] 2 more processes have sent help message help-mtl-ofi.txt / OFI call fail
[thin001.hpc.rd.areasciencepark.it:205894] Set MCA parameter "orte_base_help_aggregate" to 0 to see all help / error messages
--------------------------------------------------------------------------
Open MPI failed an OFI Libfabric library call (fi_endpoint).  This is highly
unusual; your job may behave unpredictably (and/or abort) after this.

  Local host: thin001
  Location: mtl_ofi_component.c:509
  Error: Invalid argument (22)
--------------------------------------------------------------------------
[thin001.hpc.rd.areasciencepark.it:205920] 3 more processes have sent help message help-mtl-ofi.txt / OFI call fail
[thin001.hpc.rd.areasciencepark.it:205920] Set MCA parameter "orte_base_help_aggregate" to 0 to see all help / error messages
--------------------------------------------------------------------------
Open MPI failed an OFI Libfabric library call (fi_endpoint).  This is highly
unusual; your job may behave unpredictably (and/or abort) after this.

  Local host: thin001
  Location: mtl_ofi_component.c:509
  Error: Invalid argument (22)
--------------------------------------------------------------------------
[thin001.hpc.rd.areasciencepark.it:205950] 4 more processes have sent help message help-mtl-ofi.txt / OFI call fail
[thin001.hpc.rd.areasciencepark.it:205950] Set MCA parameter "orte_base_help_aggregate" to 0 to see all help / error messages
--------------------------------------------------------------------------
Open MPI failed an OFI Libfabric library call (fi_endpoint).  This is highly
unusual; your job may behave unpredictably (and/or abort) after this.

  Local host: thin001
  Location: mtl_ofi_component.c:509
  Error: Invalid argument (22)
--------------------------------------------------------------------------
[thin001.hpc.rd.areasciencepark.it:206030] 6 more processes have sent help message help-mtl-ofi.txt / OFI call fail
[thin001.hpc.rd.areasciencepark.it:206030] Set MCA parameter "orte_base_help_aggregate" to 0 to see all help / error messages
--------------------------------------------------------------------------
Open MPI failed an OFI Libfabric library call (fi_endpoint).  This is highly
unusual; your job may behave unpredictably (and/or abort) after this.

  Local host: thin001
  Location: mtl_ofi_component.c:509
  Error: Invalid argument (22)
--------------------------------------------------------------------------
[thin001.hpc.rd.areasciencepark.it:206133] 8 more processes have sent help message help-mtl-ofi.txt / OFI call fail
[thin001.hpc.rd.areasciencepark.it:206133] Set MCA parameter "orte_base_help_aggregate" to 0 to see all help / error messages
--------------------------------------------------------------------------
Open MPI failed an OFI Libfabric library call (fi_endpoint).  This is highly
unusual; your job may behave unpredictably (and/or abort) after this.

  Local host: thin001
  Location: mtl_ofi_component.c:509
  Error: Invalid argument (22)
--------------------------------------------------------------------------
[thin001.hpc.rd.areasciencepark.it:206183] 9 more processes have sent help message help-mtl-ofi.txt / OFI call fail
[thin001.hpc.rd.areasciencepark.it:206183] Set MCA parameter "orte_base_help_aggregate" to 0 to see all help / error messages
--------------------------------------------------------------------------
Open MPI failed an OFI Libfabric library call (fi_endpoint).  This is highly
unusual; your job may behave unpredictably (and/or abort) after this.

  Local host: thin001
  Location: mtl_ofi_component.c:509
  Error: Invalid argument (22)
--------------------------------------------------------------------------
[thin001.hpc.rd.areasciencepark.it:206467] 13 more processes have sent help message help-mtl-ofi.txt / OFI call fail
[thin001.hpc.rd.areasciencepark.it:206467] Set MCA parameter "orte_base_help_aggregate" to 0 to see all help / error messages
--------------------------------------------------------------------------
Open MPI failed an OFI Libfabric library call (fi_endpoint).  This is highly
unusual; your job may behave unpredictably (and/or abort) after this.

  Local host: thin001
  Location: mtl_ofi_component.c:509
  Error: Invalid argument (22)
--------------------------------------------------------------------------
[thin001.hpc.rd.areasciencepark.it:206832] 17 more processes have sent help message help-mtl-ofi.txt / OFI call fail
[thin001.hpc.rd.areasciencepark.it:206832] Set MCA parameter "orte_base_help_aggregate" to 0 to see all help / error messages
--------------------------------------------------------------------------
Open MPI failed an OFI Libfabric library call (fi_endpoint).  This is highly
unusual; your job may behave unpredictably (and/or abort) after this.

  Local host: thin001
  Location: mtl_ofi_component.c:509
  Error: Invalid argument (22)
--------------------------------------------------------------------------
[thin001.hpc.rd.areasciencepark.it:207295] 21 more processes have sent help message help-mtl-ofi.txt / OFI call fail
[thin001.hpc.rd.areasciencepark.it:207295] Set MCA parameter "orte_base_help_aggregate" to 0 to see all help / error messages
--------------------------------------------------------------------------
Open MPI failed an OFI Libfabric library call (fi_endpoint).  This is highly
unusual; your job may behave unpredictably (and/or abort) after this.

  Local host: thin001
  Location: mtl_ofi_component.c:509
  Error: Invalid argument (22)
--------------------------------------------------------------------------
[thin001.hpc.rd.areasciencepark.it:207939] 23 more processes have sent help message help-mtl-ofi.txt / OFI call fail
[thin001.hpc.rd.areasciencepark.it:207939] Set MCA parameter "orte_base_help_aggregate" to 0 to see all help / error messages
--------------------------------------------------------------------------
Open MPI failed an OFI Libfabric library call (fi_endpoint).  This is highly
unusual; your job may behave unpredictably (and/or abort) after this.

  Local host: thin001
  Location: mtl_ofi_component.c:509
  Error: Invalid argument (22)
--------------------------------------------------------------------------
[thin001.hpc.rd.areasciencepark.it:208055] 23 more processes have sent help message help-mtl-ofi.txt / OFI call fail
[thin001.hpc.rd.areasciencepark.it:208055] Set MCA parameter "orte_base_help_aggregate" to 0 to see all help / error messages
--------------------------------------------------------------------------
Open MPI failed an OFI Libfabric library call (fi_endpoint).  This is highly
unusual; your job may behave unpredictably (and/or abort) after this.

  Local host: thin001
  Location: mtl_ofi_component.c:509
  Error: Invalid argument (22)
--------------------------------------------------------------------------
[thin001.hpc.rd.areasciencepark.it:208171] 23 more processes have sent help message help-mtl-ofi.txt / OFI call fail
[thin001.hpc.rd.areasciencepark.it:208171] Set MCA parameter "orte_base_help_aggregate" to 0 to see all help / error messages
--------------------------------------------------------------------------
Open MPI failed an OFI Libfabric library call (fi_endpoint).  This is highly
unusual; your job may behave unpredictably (and/or abort) after this.

  Local host: thin001
  Location: mtl_ofi_component.c:509
  Error: Invalid argument (22)
--------------------------------------------------------------------------
[thin001.hpc.rd.areasciencepark.it:208284] 23 more processes have sent help message help-mtl-ofi.txt / OFI call fail
[thin001.hpc.rd.areasciencepark.it:208284] Set MCA parameter "orte_base_help_aggregate" to 0 to see all help / error messages
--------------------------------------------------------------------------
Open MPI failed an OFI Libfabric library call (fi_endpoint).  This is highly
unusual; your job may behave unpredictably (and/or abort) after this.

  Local host: thin001
  Location: mtl_ofi_component.c:509
  Error: Invalid argument (22)
--------------------------------------------------------------------------
[thin001.hpc.rd.areasciencepark.it:208402] 23 more processes have sent help message help-mtl-ofi.txt / OFI call fail
[thin001.hpc.rd.areasciencepark.it:208402] Set MCA parameter "orte_base_help_aggregate" to 0 to see all help / error messages
--------------------------------------------------------------------------
Open MPI failed an OFI Libfabric library call (fi_endpoint).  This is highly
unusual; your job may behave unpredictably (and/or abort) after this.

  Local host: thin001
  Location: mtl_ofi_component.c:509
  Error: Invalid argument (22)
--------------------------------------------------------------------------
[thin001.hpc.rd.areasciencepark.it:208928] 23 more processes have sent help message help-mtl-ofi.txt / OFI call fail
[thin001.hpc.rd.areasciencepark.it:208928] Set MCA parameter "orte_base_help_aggregate" to 0 to see all help / error messages
--------------------------------------------------------------------------
Open MPI failed an OFI Libfabric library call (fi_endpoint).  This is highly
unusual; your job may behave unpredictably (and/or abort) after this.

  Local host: thin001
  Location: mtl_ofi_component.c:509
  Error: Invalid argument (22)
--------------------------------------------------------------------------
[thin001.hpc.rd.areasciencepark.it:209601] 23 more processes have sent help message help-mtl-ofi.txt / OFI call fail
[thin001.hpc.rd.areasciencepark.it:209601] Set MCA parameter "orte_base_help_aggregate" to 0 to see all help / error messages
--------------------------------------------------------------------------
Open MPI failed an OFI Libfabric library call (fi_endpoint).  This is highly
unusual; your job may behave unpredictably (and/or abort) after this.

  Local host: thin001
  Location: mtl_ofi_component.c:509
  Error: Invalid argument (22)
--------------------------------------------------------------------------
[thin001.hpc.rd.areasciencepark.it:209716] 23 more processes have sent help message help-mtl-ofi.txt / OFI call fail
[thin001.hpc.rd.areasciencepark.it:209716] Set MCA parameter "orte_base_help_aggregate" to 0 to see all help / error messages
--------------------------------------------------------------------------
Open MPI failed an OFI Libfabric library call (fi_endpoint).  This is highly
unusual; your job may behave unpredictably (and/or abort) after this.

  Local host: thin001
  Location: mtl_ofi_component.c:509
  Error: Invalid argument (22)
--------------------------------------------------------------------------
[thin001.hpc.rd.areasciencepark.it:209829] 23 more processes have sent help message help-mtl-ofi.txt / OFI call fail
[thin001.hpc.rd.areasciencepark.it:209829] Set MCA parameter "orte_base_help_aggregate" to 0 to see all help / error messages
--------------------------------------------------------------------------
Open MPI failed an OFI Libfabric library call (fi_endpoint).  This is highly
unusual; your job may behave unpredictably (and/or abort) after this.

  Local host: thin001
  Location: mtl_ofi_component.c:509
  Error: Invalid argument (22)
--------------------------------------------------------------------------
[thin001.hpc.rd.areasciencepark.it:209947] 23 more processes have sent help message help-mtl-ofi.txt / OFI call fail
[thin001.hpc.rd.areasciencepark.it:209947] Set MCA parameter "orte_base_help_aggregate" to 0 to see all help / error messages
--------------------------------------------------------------------------
Open MPI failed an OFI Libfabric library call (fi_endpoint).  This is highly
unusual; your job may behave unpredictably (and/or abort) after this.

  Local host: thin001
  Location: mtl_ofi_component.c:509
  Error: Invalid argument (22)
--------------------------------------------------------------------------
[thin001.hpc.rd.areasciencepark.it:210476] 23 more processes have sent help message help-mtl-ofi.txt / OFI call fail
[thin001.hpc.rd.areasciencepark.it:210476] Set MCA parameter "orte_base_help_aggregate" to 0 to see all help / error messages
--------------------------------------------------------------------------
Open MPI failed an OFI Libfabric library call (fi_endpoint).  This is highly
unusual; your job may behave unpredictably (and/or abort) after this.

  Local host: thin001
  Location: mtl_ofi_component.c:509
  Error: Invalid argument (22)
--------------------------------------------------------------------------
[thin001.hpc.rd.areasciencepark.it:210587] 23 more processes have sent help message help-mtl-ofi.txt / OFI call fail
[thin001.hpc.rd.areasciencepark.it:210587] Set MCA parameter "orte_base_help_aggregate" to 0 to see all help / error messages
--------------------------------------------------------------------------
Open MPI failed an OFI Libfabric library call (fi_endpoint).  This is highly
unusual; your job may behave unpredictably (and/or abort) after this.

  Local host: thin001
  Location: mtl_ofi_component.c:509
  Error: Invalid argument (22)
--------------------------------------------------------------------------
This test requires at least two processes
--------------------------------------------------------------------------
Primary job  terminated normally, but 1 process returned
a non-zero exit code. Per user-direction, the job has been aborted.
--------------------------------------------------------------------------
--------------------------------------------------------------------------
mpirun detected that one or more processes exited with non-zero status, thus causing
the job to be terminated. The first process to do so was:

  Process name: [[53385,1],0]
  Exit code:    1
--------------------------------------------------------------------------
--------------------------------------------------------------------------
Open MPI failed an OFI Libfabric library call (fi_endpoint).  This is highly
unusual; your job may behave unpredictably (and/or abort) after this.

  Local host: thin001
  Location: mtl_ofi_component.c:509
  Error: Invalid argument (22)
--------------------------------------------------------------------------
[thin001.hpc.rd.areasciencepark.it:210749] 2 more processes have sent help message help-mtl-ofi.txt / OFI call fail
[thin001.hpc.rd.areasciencepark.it:210749] Set MCA parameter "orte_base_help_aggregate" to 0 to see all help / error messages
--------------------------------------------------------------------------
Open MPI failed an OFI Libfabric library call (fi_endpoint).  This is highly
unusual; your job may behave unpredictably (and/or abort) after this.

  Local host: thin001
  Location: mtl_ofi_component.c:509
  Error: Invalid argument (22)
--------------------------------------------------------------------------
[thin001.hpc.rd.areasciencepark.it:210814] 4 more processes have sent help message help-mtl-ofi.txt / OFI call fail
[thin001.hpc.rd.areasciencepark.it:210814] Set MCA parameter "orte_base_help_aggregate" to 0 to see all help / error messages
--------------------------------------------------------------------------
Open MPI failed an OFI Libfabric library call (fi_endpoint).  This is highly
unusual; your job may behave unpredictably (and/or abort) after this.

  Local host: thin001
  Location: mtl_ofi_component.c:509
  Error: Invalid argument (22)
--------------------------------------------------------------------------
[thin001.hpc.rd.areasciencepark.it:210848] 5 more processes have sent help message help-mtl-ofi.txt / OFI call fail
[thin001.hpc.rd.areasciencepark.it:210848] Set MCA parameter "orte_base_help_aggregate" to 0 to see all help / error messages
--------------------------------------------------------------------------
Open MPI failed an OFI Libfabric library call (fi_endpoint).  This is highly
unusual; your job may behave unpredictably (and/or abort) after this.

  Local host: thin001
  Location: mtl_ofi_component.c:509
  Error: Invalid argument (22)
--------------------------------------------------------------------------
[thin001.hpc.rd.areasciencepark.it:210994] 8 more processes have sent help message help-mtl-ofi.txt / OFI call fail
[thin001.hpc.rd.areasciencepark.it:210994] Set MCA parameter "orte_base_help_aggregate" to 0 to see all help / error messages
--------------------------------------------------------------------------
Open MPI failed an OFI Libfabric library call (fi_endpoint).  This is highly
unusual; your job may behave unpredictably (and/or abort) after this.

  Local host: thin001
  Location: mtl_ofi_component.c:509
  Error: Invalid argument (22)
--------------------------------------------------------------------------
[thin001.hpc.rd.areasciencepark.it:211046] 9 more processes have sent help message help-mtl-ofi.txt / OFI call fail
[thin001.hpc.rd.areasciencepark.it:211046] Set MCA parameter "orte_base_help_aggregate" to 0 to see all help / error messages
--------------------------------------------------------------------------
Open MPI failed an OFI Libfabric library call (fi_endpoint).  This is highly
unusual; your job may behave unpredictably (and/or abort) after this.

  Local host: thin001
  Location: mtl_ofi_component.c:509
  Error: Invalid argument (22)
--------------------------------------------------------------------------
[thin001.hpc.rd.areasciencepark.it:211100] 10 more processes have sent help message help-mtl-ofi.txt / OFI call fail
[thin001.hpc.rd.areasciencepark.it:211100] Set MCA parameter "orte_base_help_aggregate" to 0 to see all help / error messages
--------------------------------------------------------------------------
Open MPI failed an OFI Libfabric library call (fi_endpoint).  This is highly
unusual; your job may behave unpredictably (and/or abort) after this.

  Local host: thin001
  Location: mtl_ofi_component.c:509
  Error: Invalid argument (22)
--------------------------------------------------------------------------
[thin001.hpc.rd.areasciencepark.it:211164] 11 more processes have sent help message help-mtl-ofi.txt / OFI call fail
[thin001.hpc.rd.areasciencepark.it:211164] Set MCA parameter "orte_base_help_aggregate" to 0 to see all help / error messages
--------------------------------------------------------------------------
Open MPI failed an OFI Libfabric library call (fi_endpoint).  This is highly
unusual; your job may behave unpredictably (and/or abort) after this.

  Local host: thin001
  Location: mtl_ofi_component.c:509
  Error: Invalid argument (22)
--------------------------------------------------------------------------
[thin001.hpc.rd.areasciencepark.it:211396] 14 more processes have sent help message help-mtl-ofi.txt / OFI call fail
[thin001.hpc.rd.areasciencepark.it:211396] Set MCA parameter "orte_base_help_aggregate" to 0 to see all help / error messages
--------------------------------------------------------------------------
Open MPI failed an OFI Libfabric library call (fi_endpoint).  This is highly
unusual; your job may behave unpredictably (and/or abort) after this.

  Local host: thin001
  Location: mtl_ofi_component.c:509
  Error: Invalid argument (22)
--------------------------------------------------------------------------
[thin001.hpc.rd.areasciencepark.it:211474] 15 more processes have sent help message help-mtl-ofi.txt / OFI call fail
[thin001.hpc.rd.areasciencepark.it:211474] Set MCA parameter "orte_base_help_aggregate" to 0 to see all help / error messages
--------------------------------------------------------------------------
Open MPI failed an OFI Libfabric library call (fi_endpoint).  This is highly
unusual; your job may behave unpredictably (and/or abort) after this.

  Local host: thin001
  Location: mtl_ofi_component.c:509
  Error: Invalid argument (22)
--------------------------------------------------------------------------
[thin001.hpc.rd.areasciencepark.it:211555] 16 more processes have sent help message help-mtl-ofi.txt / OFI call fail
[thin001.hpc.rd.areasciencepark.it:211555] Set MCA parameter "orte_base_help_aggregate" to 0 to see all help / error messages
--------------------------------------------------------------------------
Open MPI failed an OFI Libfabric library call (fi_endpoint).  This is highly
unusual; your job may behave unpredictably (and/or abort) after this.

  Local host: thin001
  Location: mtl_ofi_component.c:509
  Error: Invalid argument (22)
--------------------------------------------------------------------------
[thin001.hpc.rd.areasciencepark.it:211639] 17 more processes have sent help message help-mtl-ofi.txt / OFI call fail
[thin001.hpc.rd.areasciencepark.it:211639] Set MCA parameter "orte_base_help_aggregate" to 0 to see all help / error messages
--------------------------------------------------------------------------
Open MPI failed an OFI Libfabric library call (fi_endpoint).  This is highly
unusual; your job may behave unpredictably (and/or abort) after this.

  Local host: thin001
  Location: mtl_ofi_component.c:509
  Error: Invalid argument (22)
--------------------------------------------------------------------------
[thin001.hpc.rd.areasciencepark.it:211729] 18 more processes have sent help message help-mtl-ofi.txt / OFI call fail
[thin001.hpc.rd.areasciencepark.it:211729] Set MCA parameter "orte_base_help_aggregate" to 0 to see all help / error messages
--------------------------------------------------------------------------
Open MPI failed an OFI Libfabric library call (fi_endpoint).  This is highly
unusual; your job may behave unpredictably (and/or abort) after this.

  Local host: thin001
  Location: mtl_ofi_component.c:509
  Error: Invalid argument (22)
--------------------------------------------------------------------------
[thin001.hpc.rd.areasciencepark.it:211940] 20 more processes have sent help message help-mtl-ofi.txt / OFI call fail
[thin001.hpc.rd.areasciencepark.it:211940] Set MCA parameter "orte_base_help_aggregate" to 0 to see all help / error messages
--------------------------------------------------------------------------
Open MPI failed an OFI Libfabric library call (fi_endpoint).  This is highly
unusual; your job may behave unpredictably (and/or abort) after this.

  Local host: thin001
  Location: mtl_ofi_component.c:509
  Error: Invalid argument (22)
--------------------------------------------------------------------------
[thin001.hpc.rd.areasciencepark.it:212040] 21 more processes have sent help message help-mtl-ofi.txt / OFI call fail
[thin001.hpc.rd.areasciencepark.it:212040] Set MCA parameter "orte_base_help_aggregate" to 0 to see all help / error messages
--------------------------------------------------------------------------
Open MPI failed an OFI Libfabric library call (fi_endpoint).  This is highly
unusual; your job may behave unpredictably (and/or abort) after this.

  Local host: thin001
  Location: mtl_ofi_component.c:509
  Error: Invalid argument (22)
--------------------------------------------------------------------------
[thin001.hpc.rd.areasciencepark.it:212282] 23 more processes have sent help message help-mtl-ofi.txt / OFI call fail
[thin001.hpc.rd.areasciencepark.it:212282] Set MCA parameter "orte_base_help_aggregate" to 0 to see all help / error messages
--------------------------------------------------------------------------
Open MPI failed an OFI Libfabric library call (fi_endpoint).  This is highly
unusual; your job may behave unpredictably (and/or abort) after this.

  Local host: thin001
  Location: mtl_ofi_component.c:509
  Error: Invalid argument (22)
--------------------------------------------------------------------------
[thin001.hpc.rd.areasciencepark.it:212396] 23 more processes have sent help message help-mtl-ofi.txt / OFI call fail
[thin001.hpc.rd.areasciencepark.it:212396] Set MCA parameter "orte_base_help_aggregate" to 0 to see all help / error messages
--------------------------------------------------------------------------
Open MPI failed an OFI Libfabric library call (fi_endpoint).  This is highly
unusual; your job may behave unpredictably (and/or abort) after this.

  Local host: thin001
  Location: mtl_ofi_component.c:509
  Error: Invalid argument (22)
--------------------------------------------------------------------------
[thin001.hpc.rd.areasciencepark.it:212648] 23 more processes have sent help message help-mtl-ofi.txt / OFI call fail
[thin001.hpc.rd.areasciencepark.it:212648] Set MCA parameter "orte_base_help_aggregate" to 0 to see all help / error messages
--------------------------------------------------------------------------
Open MPI failed an OFI Libfabric library call (fi_endpoint).  This is highly
unusual; your job may behave unpredictably (and/or abort) after this.

  Local host: thin001
  Location: mtl_ofi_component.c:509
  Error: Invalid argument (22)
--------------------------------------------------------------------------
[thin001.hpc.rd.areasciencepark.it:213601] 23 more processes have sent help message help-mtl-ofi.txt / OFI call fail
[thin001.hpc.rd.areasciencepark.it:213601] Set MCA parameter "orte_base_help_aggregate" to 0 to see all help / error messages
--------------------------------------------------------------------------
Open MPI failed an OFI Libfabric library call (fi_endpoint).  This is highly
unusual; your job may behave unpredictably (and/or abort) after this.

  Local host: thin001
  Location: mtl_ofi_component.c:509
  Error: Invalid argument (22)
--------------------------------------------------------------------------
[thin001.hpc.rd.areasciencepark.it:213852] 23 more processes have sent help message help-mtl-ofi.txt / OFI call fail
[thin001.hpc.rd.areasciencepark.it:213852] Set MCA parameter "orte_base_help_aggregate" to 0 to see all help / error messages
--------------------------------------------------------------------------
Open MPI failed an OFI Libfabric library call (fi_endpoint).  This is highly
unusual; your job may behave unpredictably (and/or abort) after this.

  Local host: thin001
  Location: mtl_ofi_component.c:509
  Error: Invalid argument (22)
--------------------------------------------------------------------------
[thin001.hpc.rd.areasciencepark.it:213969] 23 more processes have sent help message help-mtl-ofi.txt / OFI call fail
[thin001.hpc.rd.areasciencepark.it:213969] Set MCA parameter "orte_base_help_aggregate" to 0 to see all help / error messages
--------------------------------------------------------------------------
Open MPI failed an OFI Libfabric library call (fi_endpoint).  This is highly
unusual; your job may behave unpredictably (and/or abort) after this.

  Local host: thin001
  Location: mtl_ofi_component.c:509
  Error: Invalid argument (22)
--------------------------------------------------------------------------
[thin001.hpc.rd.areasciencepark.it:214780] 23 more processes have sent help message help-mtl-ofi.txt / OFI call fail
[thin001.hpc.rd.areasciencepark.it:214780] Set MCA parameter "orte_base_help_aggregate" to 0 to see all help / error messages
--------------------------------------------------------------------------
Open MPI failed an OFI Libfabric library call (fi_endpoint).  This is highly
unusual; your job may behave unpredictably (and/or abort) after this.

  Local host: thin001
  Location: mtl_ofi_component.c:509
  Error: Invalid argument (22)
--------------------------------------------------------------------------
[thin001.hpc.rd.areasciencepark.it:215175] 23 more processes have sent help message help-mtl-ofi.txt / OFI call fail
[thin001.hpc.rd.areasciencepark.it:215175] Set MCA parameter "orte_base_help_aggregate" to 0 to see all help / error messages
--------------------------------------------------------------------------
Open MPI failed an OFI Libfabric library call (fi_endpoint).  This is highly
unusual; your job may behave unpredictably (and/or abort) after this.

  Local host: thin001
  Location: mtl_ofi_component.c:509
  Error: Invalid argument (22)
--------------------------------------------------------------------------
[thin001.hpc.rd.areasciencepark.it:215287] 23 more processes have sent help message help-mtl-ofi.txt / OFI call fail
[thin001.hpc.rd.areasciencepark.it:215287] Set MCA parameter "orte_base_help_aggregate" to 0 to see all help / error messages
--------------------------------------------------------------------------
Open MPI failed an OFI Libfabric library call (fi_endpoint).  This is highly
unusual; your job may behave unpredictably (and/or abort) after this.

  Local host: thin001
  Location: mtl_ofi_component.c:509
  Error: Invalid argument (22)
--------------------------------------------------------------------------
[thin001.hpc.rd.areasciencepark.it:215403] 23 more processes have sent help message help-mtl-ofi.txt / OFI call fail
[thin001.hpc.rd.areasciencepark.it:215403] Set MCA parameter "orte_base_help_aggregate" to 0 to see all help / error messages
--------------------------------------------------------------------------
Open MPI failed an OFI Libfabric library call (fi_endpoint).  This is highly
unusual; your job may behave unpredictably (and/or abort) after this.

  Local host: thin001
  Location: mtl_ofi_component.c:509
  Error: Invalid argument (22)
--------------------------------------------------------------------------
This test requires at least two processes
--------------------------------------------------------------------------
Primary job  terminated normally, but 1 process returned
a non-zero exit code. Per user-direction, the job has been aborted.
--------------------------------------------------------------------------
--------------------------------------------------------------------------
mpirun detected that one or more processes exited with non-zero status, thus causing
the job to be terminated. The first process to do so was:

  Process name: [[44612,1],0]
  Exit code:    1
--------------------------------------------------------------------------
--------------------------------------------------------------------------
Open MPI failed an OFI Libfabric library call (fi_endpoint).  This is highly
unusual; your job may behave unpredictably (and/or abort) after this.

  Local host: thin001
  Location: mtl_ofi_component.c:509
  Error: Invalid argument (22)
--------------------------------------------------------------------------
--------------------------------------------------------------------------
Open MPI failed an OFI Libfabric library call (fi_endpoint).  This is highly
unusual; your job may behave unpredictably (and/or abort) after this.

  Local host: thin001
  Location: mtl_ofi_component.c:509
  Error: Invalid argument (22)
--------------------------------------------------------------------------
[thin001.hpc.rd.areasciencepark.it:215779] 4 more processes have sent help message help-mtl-ofi.txt / OFI call fail
[thin001.hpc.rd.areasciencepark.it:215779] Set MCA parameter "orte_base_help_aggregate" to 0 to see all help / error messages
--------------------------------------------------------------------------
Open MPI failed an OFI Libfabric library call (fi_endpoint).  This is highly
unusual; your job may behave unpredictably (and/or abort) after this.

  Local host: thin001
  Location: mtl_ofi_component.c:509
  Error: Invalid argument (22)
--------------------------------------------------------------------------
[thin001.hpc.rd.areasciencepark.it:215813] 5 more processes have sent help message help-mtl-ofi.txt / OFI call fail
[thin001.hpc.rd.areasciencepark.it:215813] Set MCA parameter "orte_base_help_aggregate" to 0 to see all help / error messages
--------------------------------------------------------------------------
Open MPI failed an OFI Libfabric library call (fi_endpoint).  This is highly
unusual; your job may behave unpredictably (and/or abort) after this.

  Local host: thin001
  Location: mtl_ofi_component.c:509
  Error: Invalid argument (22)
--------------------------------------------------------------------------
[thin001.hpc.rd.areasciencepark.it:215853] 5 more processes have sent help message help-mtl-ofi.txt / OFI call fail
[thin001.hpc.rd.areasciencepark.it:215853] Set MCA parameter "orte_base_help_aggregate" to 0 to see all help / error messages
--------------------------------------------------------------------------
Open MPI failed an OFI Libfabric library call (fi_endpoint).  This is highly
unusual; your job may behave unpredictably (and/or abort) after this.

  Local host: thin001
  Location: mtl_ofi_component.c:509
  Error: Invalid argument (22)
--------------------------------------------------------------------------
[thin001.hpc.rd.areasciencepark.it:215944] 6 more processes have sent help message help-mtl-ofi.txt / OFI call fail
[thin001.hpc.rd.areasciencepark.it:215944] Set MCA parameter "orte_base_help_aggregate" to 0 to see all help / error messages
--------------------------------------------------------------------------
Open MPI failed an OFI Libfabric library call (fi_endpoint).  This is highly
unusual; your job may behave unpredictably (and/or abort) after this.

  Local host: thin001
  Location: mtl_ofi_component.c:509
  Error: Invalid argument (22)
--------------------------------------------------------------------------
[thin001.hpc.rd.areasciencepark.it:216044] 7 more processes have sent help message help-mtl-ofi.txt / OFI call fail
[thin001.hpc.rd.areasciencepark.it:216044] Set MCA parameter "orte_base_help_aggregate" to 0 to see all help / error messages
--------------------------------------------------------------------------
Open MPI failed an OFI Libfabric library call (fi_endpoint).  This is highly
unusual; your job may behave unpredictably (and/or abort) after this.

  Local host: thin001
  Location: mtl_ofi_component.c:509
  Error: Invalid argument (22)
--------------------------------------------------------------------------
[thin001.hpc.rd.areasciencepark.it:216093] 8 more processes have sent help message help-mtl-ofi.txt / OFI call fail
[thin001.hpc.rd.areasciencepark.it:216093] Set MCA parameter "orte_base_help_aggregate" to 0 to see all help / error messages
--------------------------------------------------------------------------
Open MPI failed an OFI Libfabric library call (fi_endpoint).  This is highly
unusual; your job may behave unpredictably (and/or abort) after this.

  Local host: thin001
  Location: mtl_ofi_component.c:509
  Error: Invalid argument (22)
--------------------------------------------------------------------------
[thin001.hpc.rd.areasciencepark.it:216145] 8 more processes have sent help message help-mtl-ofi.txt / OFI call fail
[thin001.hpc.rd.areasciencepark.it:216145] Set MCA parameter "orte_base_help_aggregate" to 0 to see all help / error messages
--------------------------------------------------------------------------
Open MPI failed an OFI Libfabric library call (fi_endpoint).  This is highly
unusual; your job may behave unpredictably (and/or abort) after this.

  Local host: thin001
  Location: mtl_ofi_component.c:509
  Error: Invalid argument (22)
--------------------------------------------------------------------------
[thin001.hpc.rd.areasciencepark.it:216263] 9 more processes have sent help message help-mtl-ofi.txt / OFI call fail
[thin001.hpc.rd.areasciencepark.it:216263] Set MCA parameter "orte_base_help_aggregate" to 0 to see all help / error messages
--------------------------------------------------------------------------
Open MPI failed an OFI Libfabric library call (fi_endpoint).  This is highly
unusual; your job may behave unpredictably (and/or abort) after this.

  Local host: thin001
  Location: mtl_ofi_component.c:509
  Error: Invalid argument (22)
--------------------------------------------------------------------------
[thin001.hpc.rd.areasciencepark.it:216541] 11 more processes have sent help message help-mtl-ofi.txt / OFI call fail
[thin001.hpc.rd.areasciencepark.it:216541] Set MCA parameter "orte_base_help_aggregate" to 0 to see all help / error messages
--------------------------------------------------------------------------
Open MPI failed an OFI Libfabric library call (fi_endpoint).  This is highly
unusual; your job may behave unpredictably (and/or abort) after this.

  Local host: thin001
  Location: mtl_ofi_component.c:509
  Error: Invalid argument (22)
--------------------------------------------------------------------------
[thin001.hpc.rd.areasciencepark.it:216605] 12 more processes have sent help message help-mtl-ofi.txt / OFI call fail
[thin001.hpc.rd.areasciencepark.it:216605] Set MCA parameter "orte_base_help_aggregate" to 0 to see all help / error messages
--------------------------------------------------------------------------
Open MPI failed an OFI Libfabric library call (fi_endpoint).  This is highly
unusual; your job may behave unpredictably (and/or abort) after this.

  Local host: thin001
  Location: mtl_ofi_component.c:509
  Error: Invalid argument (22)
--------------------------------------------------------------------------
[thin001.hpc.rd.areasciencepark.it:216758] 13 more processes have sent help message help-mtl-ofi.txt / OFI call fail
[thin001.hpc.rd.areasciencepark.it:216758] Set MCA parameter "orte_base_help_aggregate" to 0 to see all help / error messages
--------------------------------------------------------------------------
Open MPI failed an OFI Libfabric library call (fi_endpoint).  This is highly
unusual; your job may behave unpredictably (and/or abort) after this.

  Local host: thin001
  Location: mtl_ofi_component.c:509
  Error: Invalid argument (22)
--------------------------------------------------------------------------
[thin001.hpc.rd.areasciencepark.it:216831] 13 more processes have sent help message help-mtl-ofi.txt / OFI call fail
[thin001.hpc.rd.areasciencepark.it:216831] Set MCA parameter "orte_base_help_aggregate" to 0 to see all help / error messages
--------------------------------------------------------------------------
Open MPI failed an OFI Libfabric library call (fi_endpoint).  This is highly
unusual; your job may behave unpredictably (and/or abort) after this.

  Local host: thin001
  Location: mtl_ofi_component.c:509
  Error: Invalid argument (22)
--------------------------------------------------------------------------
[thin001.hpc.rd.areasciencepark.it:217201] 15 more processes have sent help message help-mtl-ofi.txt / OFI call fail
[thin001.hpc.rd.areasciencepark.it:217201] Set MCA parameter "orte_base_help_aggregate" to 0 to see all help / error messages
--------------------------------------------------------------------------
Open MPI failed an OFI Libfabric library call (fi_endpoint).  This is highly
unusual; your job may behave unpredictably (and/or abort) after this.

  Local host: thin001
  Location: mtl_ofi_component.c:509
  Error: Invalid argument (22)
--------------------------------------------------------------------------
[thin001.hpc.rd.areasciencepark.it:217386] 16 more processes have sent help message help-mtl-ofi.txt / OFI call fail
[thin001.hpc.rd.areasciencepark.it:217386] Set MCA parameter "orte_base_help_aggregate" to 0 to see all help / error messages
--------------------------------------------------------------------------
Open MPI failed an OFI Libfabric library call (fi_endpoint).  This is highly
unusual; your job may behave unpredictably (and/or abort) after this.

  Local host: thin001
  Location: mtl_ofi_component.c:509
  Error: Invalid argument (22)
--------------------------------------------------------------------------
[thin001.hpc.rd.areasciencepark.it:217581] 17 more processes have sent help message help-mtl-ofi.txt / OFI call fail
[thin001.hpc.rd.areasciencepark.it:217581] Set MCA parameter "orte_base_help_aggregate" to 0 to see all help / error messages
--------------------------------------------------------------------------
Open MPI failed an OFI Libfabric library call (fi_endpoint).  This is highly
unusual; your job may behave unpredictably (and/or abort) after this.

  Local host: thin001
  Location: mtl_ofi_component.c:509
  Error: Invalid argument (22)
--------------------------------------------------------------------------
[thin001.hpc.rd.areasciencepark.it:217668] 18 more processes have sent help message help-mtl-ofi.txt / OFI call fail
[thin001.hpc.rd.areasciencepark.it:217668] Set MCA parameter "orte_base_help_aggregate" to 0 to see all help / error messages
--------------------------------------------------------------------------
Open MPI failed an OFI Libfabric library call (fi_endpoint).  This is highly
unusual; your job may behave unpredictably (and/or abort) after this.

  Local host: thin001
  Location: mtl_ofi_component.c:509
  Error: Invalid argument (22)
--------------------------------------------------------------------------
[thin001.hpc.rd.areasciencepark.it:217761] 18 more processes have sent help message help-mtl-ofi.txt / OFI call fail
[thin001.hpc.rd.areasciencepark.it:217761] Set MCA parameter "orte_base_help_aggregate" to 0 to see all help / error messages
--------------------------------------------------------------------------
Open MPI failed an OFI Libfabric library call (fi_endpoint).  This is highly
unusual; your job may behave unpredictably (and/or abort) after this.

  Local host: thin001
  Location: mtl_ofi_component.c:509
  Error: Invalid argument (22)
--------------------------------------------------------------------------
[thin001.hpc.rd.areasciencepark.it:217973] 19 more processes have sent help message help-mtl-ofi.txt / OFI call fail
[thin001.hpc.rd.areasciencepark.it:217973] Set MCA parameter "orte_base_help_aggregate" to 0 to see all help / error messages
--------------------------------------------------------------------------
Open MPI failed an OFI Libfabric library call (fi_endpoint).  This is highly
unusual; your job may behave unpredictably (and/or abort) after this.

  Local host: thin001
  Location: mtl_ofi_component.c:509
  Error: Invalid argument (22)
--------------------------------------------------------------------------
[thin001.hpc.rd.areasciencepark.it:218320] 21 more processes have sent help message help-mtl-ofi.txt / OFI call fail
[thin001.hpc.rd.areasciencepark.it:218320] Set MCA parameter "orte_base_help_aggregate" to 0 to see all help / error messages
--------------------------------------------------------------------------
Open MPI failed an OFI Libfabric library call (fi_endpoint).  This is highly
unusual; your job may behave unpredictably (and/or abort) after this.

  Local host: thin001
  Location: mtl_ofi_component.c:509
  Error: Invalid argument (22)
--------------------------------------------------------------------------
[thin001.hpc.rd.areasciencepark.it:218425] 21 more processes have sent help message help-mtl-ofi.txt / OFI call fail
[thin001.hpc.rd.areasciencepark.it:218425] Set MCA parameter "orte_base_help_aggregate" to 0 to see all help / error messages
--------------------------------------------------------------------------
Open MPI failed an OFI Libfabric library call (fi_endpoint).  This is highly
unusual; your job may behave unpredictably (and/or abort) after this.

  Local host: thin001
  Location: mtl_ofi_component.c:509
  Error: Invalid argument (22)
--------------------------------------------------------------------------
[thin001.hpc.rd.areasciencepark.it:218665] 22 more processes have sent help message help-mtl-ofi.txt / OFI call fail
[thin001.hpc.rd.areasciencepark.it:218665] Set MCA parameter "orte_base_help_aggregate" to 0 to see all help / error messages
--------------------------------------------------------------------------
Open MPI failed an OFI Libfabric library call (fi_endpoint).  This is highly
unusual; your job may behave unpredictably (and/or abort) after this.

  Local host: thin001
  Location: mtl_ofi_component.c:509
  Error: Invalid argument (22)
--------------------------------------------------------------------------
[thin001.hpc.rd.areasciencepark.it:218779] 23 more processes have sent help message help-mtl-ofi.txt / OFI call fail
[thin001.hpc.rd.areasciencepark.it:218779] Set MCA parameter "orte_base_help_aggregate" to 0 to see all help / error messages
