Lmod Warning: The architecture selection module has been deprecated. The
module system will now autonomously handle the proper selection of binaries. 
While processing the following module(s):
    Module fullname   Module Filename
    ---------------   ---------------
    architecture/AMD  /orfeo/opt/modules/profiles/architecture/AMD.lua

source/par_quicksort.c: In function ‘mpi_quicksort’:
source/par_quicksort.c:226:48: warning: argument 1 range [18446743936270598144, 18446744073709551552] exceeds maximum object size 9223372036854775807 [-Walloc-size-larger-than=]
  226 |                     minor_partition = (data_t*)malloc((minor_partition_size)*sizeof(data_t));
      |                                                ^~~~~~~~~~~~~~~~~~~~~~~~~~~~~~~~~~~~~~~~~~~~~
In file included from headers/par_quicksort.h:21,
                 from source/par_quicksort.c:1:
/usr/include/stdlib.h:540:14: note: in a call to allocation function ‘malloc’ declared here
  540 | extern void *malloc (size_t __size) __THROW __attribute_malloc__
      |              ^~~~~~
source/par_quicksort.c:231:46: warning: argument 1 value ‘18446744073709551552’ exceeds maximum object size 9223372036854775807 [-Walloc-size-larger-than=]
  231 |                     maj_partition = (data_t*)malloc(pivot_pos*sizeof(data_t));
      |                                              ^~~~~~~~~~~~~~~~~~~~~~~~~~~~~~~~
/usr/include/stdlib.h:540:14: note: in a call to allocation function ‘malloc’ declared here
  540 | extern void *malloc (size_t __size) __THROW __attribute_malloc__
      |              ^~~~~~
Process, return_code
0, 0
Process, return_code
0, 0
Process, return_code
0, 0
Process, return_code
0, 0
Process, return_code
0, 0
Process, return_code
0, 0
Process, return_code
0, 0
Process, return_code
0, 0
Process, return_code
0, 0
Process, return_code
0, 0
Process, return_code
0, 0
Process, return_code
0, 0
Process, return_code
0, 0
Process, return_code
0, 0
Process, return_code
0, 0
Process, return_code
0, 0
Process, return_code
0, 0
Process, return_code
0, 0
Process, return_code
0, 0
Process, return_code
0, 0
Process, return_code
0, 0
Process, return_code
0, 0
Process, return_code
0, 0
Process, return_code
0, 0
Process, return_code
0, 0
Process, return_code
0, 0
Process, return_code
0, 0
Process, return_code
0, 0
Process, return_code
0, 0
Process, return_code
0, 0
Process, return_code
0, 0
Process, return_code
0, 0
Process, return_code
0, 0
Process, return_code
0, 0
Process, return_code
0, 0
Process, return_code
0, 0
Process, return_code
0, 0
Process, return_code
0, 0
Process, return_code
0, 0
Process, return_code
0, 0
Process, return_code
0, 0
Process, return_code
0, 0
Process, return_code
0, 0
Process, return_code
0, 0
Process, return_code
0, 0
Process, return_code
0, 0
Process, return_code
0, 0
Process, return_code
0, 0
Process, return_code
0, 0
Process, return_code
0, 0
Process, return_code
0, 0
Process, return_code
0, 0
Process, return_code
0, 0
Process, return_code
0, 0
Process, return_code
0, 0
Process, return_code
0, 0
Process, return_code
0, 0
Process, return_code
0, 0
Process, return_code
0, 0
Process, return_code
0, 0
Process, return_code
0, 0
Process, return_code
0, 0
Process, return_code
0, 0
Process, return_code
0, 0
Process, return_code
0, 0
Process, return_code
0, 0
Process, return_code
0, 0
Process, return_code
0, 0
Process, return_code
0, 0
Process, return_code
0, 0
Process, return_code
0, 0
Process, return_code
0, 0
Process, return_code
0, 0
Process, return_code
0, 0
Process, return_code
0, 0
Process, return_code
0, 0
Process, return_code
0, 0
Process, return_code
0, 0
Process, return_code
0, 0
Process, return_code
0, 0
Process, return_code
0, 0
Process, return_code
0, 0
Process, return_code
0, 0
Process, return_code
0, 0
Process, return_code
0, 0
Process, return_code
0, 0
Process, return_code
0, 0
Process, return_code
0, 0
Process, return_code
0, 0
Process, return_code
0, 0
Process, return_code
0, 0
Process, return_code
0, 0
Process, return_code
0, 0
Process, return_code
0, 0
Process, return_code
0, 0
Process, return_code
0, 0
Process, return_code
0, 0
Process, return_code
0, 0
Process, return_code
0, 0
Process, return_code
0, 0
Process, return_code
0, 0
Process, return_code
0, 0
Process, return_code
0, 0
Process, return_code
0, 0
Process, return_code
0, 0
Process, return_code
0, 0
Process, return_code
0, 0
Process, return_code
0, 0
Process, return_code
0, 0
Process, return_code
0, 0
Process, return_code
0, 0
Process, return_code
0, 0
Process, return_code
0, 0
Process, return_code
0, 0
Process, return_code
0, 0
Process, return_code
0, 0
Process, return_code
0, 0
Process, return_code
0, 0
Process, return_code
0, 0
Process, return_code
0, 0
Process, return_code
0, 0
Process, return_code
0, 0
Process, return_code
0, 0
Process, return_code
0, 0
Process, return_code
0, 0
Process, return_code
0, 0
Process, return_code
0, 0
Process, return_code
0, 0
Process, return_code
0, 0
Process, return_code
0, 0
Process, return_code
0, 0
Process, return_code
0, 0
Process, return_code
0, 0
Process, return_code
0, 0
Process, return_code
0, 0
Process, return_code
0, 0
Process, return_code
0, 0
Process, return_code
0, 0
Process, return_code
0, 0
Process, return_code
0, 0
Process, return_code
0, 0
Process, return_code
0, 0
Process, return_code
0, 0
Process, return_code
0, 0
Process, return_code
0, 0
Process, return_code
0, 0
Process, return_code
0, 0
Process, return_code
0, 0
Process, return_code
0, 0
Process, return_code
0, 0
Process, return_code
0, 0
Process, return_code
0, 0
Process, return_code
0, 0
Process, return_code
0, 0
Process, return_code
0, 0
Process, return_code
0, 0
Process, return_code
0, 0
Process, return_code
0, 0
Process, return_code
0, 0
Process, return_code
0, 0
Process, return_code
0, 0
Process, return_code
0, 0
Process, return_code
0, 0
Process, return_code
0, 0
Process, return_code
0, 0
Process, return_code
0, 0
Process, return_code
0, 0
Process, return_code
0, 0
Process, return_code
0, 0
Process, return_code
0, 0
Process, return_code
0, 0
Process, return_code
0, 0
Process, return_code
0, 0
Process, return_code
0, 0
Process, return_code
0, 0
Process, return_code
0, 0
Process, return_code
0, 0
Process, return_code
0, 0
Process, return_code
0, 0
Process, return_code
0, 0
Process, return_code
0, 0
Process, return_code
0, 0
Process, return_code
0, 0
Process, return_code
0, 0
Process, return_code
0, 0
Process, return_code
0, 0
Process, return_code
0, 0
Process, return_code
0, 0
Process, return_code
0, 0
Process, return_code
0, 0
Process, return_code
0, 0
Process, return_code
0, 0
Process, return_code
0, 0
Process, return_code
0, 0
Process, return_code
0, 0
Process, return_code
0, 0
Process, return_code
0, 0
Process, return_code
0, 0
Process, return_code
0, 0
Process, return_code
0, 0
Process, return_code
0, 0
Process, return_code
0, 0
Process, return_code
0, 0
Process, return_code
0, 0
Process, return_code
0, 0
Process, return_code
0, 0
Process, return_code
0, 0
Process, return_code
0, 0
Process, return_code
0, 0
Process, return_code
0, 0
Process, return_code
0, 0
Process, return_code
0, 0
Process, return_code
0, 0
Process, return_code
0, 0
Process, return_code
0, 0
Process, return_code
0, 0
Process, return_code
0, 0
Process, return_code
0, 0
Process, return_code
0, 0
Process, return_code
0, 0
Process, return_code
0, 0
Process, return_code
0, 0
Process, return_code
0, 0
Process, return_code
0, 0
Process, return_code
0, 0
Process, return_code
0, 0
Process, return_code
0, 0
Process, return_code
0, 0
Process, return_code
0, 0
Process, return_code
0, 0
Process, return_code
0, 0
Process, return_code
0, 0
Process, return_code
0, 0
Process, return_code
0, 0
Process, return_code
0, 0
Process, return_code
0, 0
Process, return_code
0, 0
Process, return_code
0, 0
Process, return_code
0, 0
Process, return_code
0, 0
Process, return_code
0, 0
Process, return_code
0, 0
Process, return_code
0, 0
Process, return_code
0, 0
Process, return_code
0, 0
Process, return_code
0, 0
Process, return_code
0, 0
Process, return_code
0, 0
Process, return_code
0, 0
Process, return_code
0, 0
Process, return_code
0, 0
Process, return_code
0, 0
Process, return_code
0, 0
Process, return_code
0, 0
Process, return_code
0, 0
Process, return_code
0, 0
Process, return_code
0, 0
Process, return_code
0, 0
Process, return_code
0, 0
Process, return_code
0, 0
Process, return_code
0, 0
Process, return_code
0, 0
Process, return_code
0, 0
Process, return_code
0, 0
Process, return_code
0, 0
Process, return_code
0, 0
Process, return_code
0, 0
Process, return_code
0, 0
Process, return_code
0, 0
Process, return_code
0, 0
Process, return_code
0, 0
Process, return_code
0, 0
Process, return_code
0, 0
Process, return_code
0, 0
Process, return_code
0, 0
Process, return_code
0, 0
Process, return_code
0, 0
Process, return_code
0, 0
Process, return_code
0, 0
Process, return_code
0, 0
Process, return_code
0, 0
Process, return_code
0, 0
Process, return_code
0, 0
Process, return_code
0, 0
Process, return_code
0, 0
Process, return_code
0, 0
Process, return_code
0, 0
Process, return_code
0, 0
Process, return_code
0, 0
Process, return_code
0, 0
Process, return_code
0, 0
Process, return_code
0, 0
Process, return_code
0, 0
Process, return_code
0, 0
Process, return_code
0, 0
Process, return_code
0, 0
Process, return_code
0, 0
Process, return_code
0, 0
Process, return_code
0, 0
Process, return_code
0, 0
Process, return_code
0, 0
Process, return_code
0, 0
Process, return_code
0, 0
Process, return_code
0, 0
Process, return_code
0, 0
Process, return_code
0, 0
Process, return_code
0, 0
Process, return_code
0, 0
Process, return_code
0, 0
Process, return_code
0, 0
Process, return_code
0, 0
Process, return_code
0, 0
Process, return_code
0, 0
Process, return_code
0, 0
Process, return_code
0, 0
Process, return_code
0, 0
Process, return_code
0, 0
Process, return_code
0, 0
Process, return_code
0, 0
Process, return_code
0, 0
Process, return_code
0, 0
