Lmod Warning: The architecture selection module has been deprecated. The
module system will now autonomously handle the proper selection of binaries. 
While processing the following module(s):
    Module fullname   Module Filename
    ---------------   ---------------
    architecture/AMD  /orfeo/opt/modules/profiles/architecture/AMD.lua

Process, return_code
0, 0
Process, return_code
0, 0
Process, return_code
0, 0
Process, return_code
0, 0
Process, return_code
0, 0
Process, return_code
0, 0
Process, return_code
0, 0
Process, return_code
0, 0
Process, return_code
0, 0
Process, return_code
0, 0
Process, return_code
0, 0
Process, return_code
1, 0
Process, return_code
0, 0
Process, return_code
1, 0
Process, return_code
1, 0
Process, return_code
0, 0
Process, return_code
1, 0
Process, return_code
0, 0
Process, return_code
1, 0
Process, return_code
0, 0
Process, return_code
0, 0
Process, return_code
2, 0
Process, return_code
1, 0
Process, return_code
0, 0
Process, return_code
1, 0
Process, return_code
2, 0
Process, return_code
2, 0
Process, return_code
0, 0
Process, return_code
1, 0
Process, return_code
2, 0
Process, return_code
0, 0
Process, return_code
1, 0
Process, return_code
2, 0
Process, return_code
0, 0
Process, return_code
1, 0
Process, return_code
3, 0
Process, return_code
1, 0
Process, return_code
2, 0
Process, return_code
0, 0
Process, return_code
1, 0
Process, return_code
3, 0
Process, return_code
0, 0
Process, return_code
2, 0
Process, return_code
1, 0
Process, return_code
3, 0
Process, return_code
0, 0
Process, return_code
2, 0
Process, return_code
1, 0
Process, return_code
2, 0
Process, return_code
3, 0
Process, return_code
0, 0
Process, return_code
3, 0
Process, return_code
2, 0
Process, return_code
0, 0
Process, return_code
1, 0
Process, return_code
0, 0
Process, return_code
4, 0
Process, return_code
3, 0
Process, return_code
1, 0
Process, return_code
2, 0
Process, return_code
1, 0
Process, return_code
0, 0
Process, return_code
2, 0
Process, return_code
3, 0
Process, return_code
4, 0
Process, return_code
4, 0
Process, return_code
1, 0
Process, return_code
3, 0
Process, return_code
2, 0
Process, return_code
0, 0
Process, return_code
1, 0
Process, return_code
4, 0
Process, return_code
2, 0
Process, return_code
3, 0
Process, return_code
0, 0
Process, return_code
4, 0
Process, return_code
1, 0
Process, return_code
0, 0
Process, return_code
3, 0
Process, return_code
2, 0
Process, return_code
5, 0
Process, return_code
3, 0
Process, return_code
2, 0
Process, return_code
0, 0
Process, return_code
1, 0
Process, return_code
4, 0
Process, return_code
2, 0
Process, return_code
0, 0
Process, return_code
5, 0
Process, return_code
3, 0
Process, return_code
1, 0
Process, return_code
4, 0
Process, return_code
2, 0
Process, return_code
3, 0
Process, return_code
5, 0
Process, return_code
0, 0
Process, return_code
4, 0
Process, return_code
1, 0
Process, return_code
2, 0
Process, return_code
5, 0
Process, return_code
0, 0
Process, return_code
3, 0
Process, return_code
4, 0
Process, return_code
1, 0
Process, return_code
0, 0
Process, return_code
5, 0
Process, return_code
2, 0
Process, return_code
3, 0
Process, return_code
4, 0
Process, return_code
1, 0
Process, return_code
2, 0
Process, return_code
3, 0
Process, return_code
6, 0
Process, return_code
4, 0
Process, return_code
5, 0
Process, return_code
1, 0
Process, return_code
0, 0
Process, return_code
5, 0
Process, return_code
2, 0
Process, return_code
6, 0
Process, return_code
3, 0
Process, return_code
1, 0
Process, return_code
4, 0
Process, return_code
0, 0
Process, return_code
5, 0
Process, return_code
0, 0
Process, return_code
6, 0
Process, return_code
2, 0
Process, return_code
1, 0
Process, return_code
4, 0
Process, return_code
3, 0
Process, return_code
0, 0
Process, return_code
2, 0
Process, return_code
4, 0
Process, return_code
6, 0
Process, return_code
5, 0
Process, return_code
1, 0
Process, return_code
3, 0
Process, return_code
1, 0
Process, return_code
4, 0
Process, return_code
0, 0
Process, return_code
2, 0
Process, return_code
5, 0
Process, return_code
6, 0
Process, return_code
3, 0
Process, return_code
6, 0
Process, return_code
1, 0
Process, return_code
3, 0
Process, return_code
5, 0
Process, return_code
0, 0
Process, return_code
2, 0
Process, return_code
7, 0
Process, return_code
4, 0
Process, return_code
6, 0
Process, return_code
1, 0
Process, return_code
7, 0
Process, return_code
3, 0
Process, return_code
0, 0
Process, return_code
4, 0
Process, return_code
2, 0
Process, return_code
5, 0
Process, return_code
2, 0
Process, return_code
1, 0
Process, return_code
3, 0
Process, return_code
5, 0
Process, return_code
0, 0
Process, return_code
4, 0
Process, return_code
6, 0
Process, return_code
7, 0
Process, return_code
1, 0
Process, return_code
6, 0
Process, return_code
3, 0
Process, return_code
0, 0
Process, return_code
7, 0
Process, return_code
5, 0
Process, return_code
4, 0
Process, return_code
2, 0
Process, return_code
3, 0
Process, return_code
1, 0
Process, return_code
5, 0
Process, return_code
7, 0
Process, return_code
0, 0
Process, return_code
4, 0
Process, return_code
2, 0
Process, return_code
6, 0
Process, return_code
5, 0
Process, return_code
0, 0
Process, return_code
6, 0
Process, return_code
8, 0
Process, return_code
1, 0
Process, return_code
2, 0
Process, return_code
4, 0
Process, return_code
3, 0
Process, return_code
7, 0
Process, return_code
3, 0
Process, return_code
0, 0
Process, return_code
5, 0
Process, return_code
8, 0
Process, return_code
7, 0
Process, return_code
4, 0
Process, return_code
2, 0
Process, return_code
1, 0
Process, return_code
6, 0
Process, return_code
8, 0
Process, return_code
5, 0
Process, return_code
1, 0
Process, return_code
7, 0
Process, return_code
2, 0
Process, return_code
6, 0
Process, return_code
0, 0
Process, return_code
3, 0
Process, return_code
4, 0
